<?xml version="1.0" encoding="UTF-8"?>
<!-- Generated by org.testng.reporters.JUnitReportReporter -->
<testsuite hostname="LAPTOP-NC19AUDK" failures="0" tests="1" name="SeleniumArtifact.AnswerDigitalMavenProject.AppTest" time="0.009" errors="0" timestamp="2020-10-21T02:12:24 BST" skipped="0">
  <testcase classname="SeleniumArtifact.AnswerDigitalMavenProject.AppTest" name="shouldAnswerWithTrue" time="0.009"/>
  <system-out/>
</testsuite> <!-- SeleniumArtifact.AnswerDigitalMavenProject.AppTest -->
