<?xml version="1.0" encoding="UTF-8"?>
<!-- Generated by org.testng.reporters.JUnitReportReporter -->
<testsuite hostname="LAPTOP-NC19AUDK" failures="0" tests="1" name="Tests.Test_4" time="10.633" errors="0" timestamp="2020-10-21T01:17:29 BST" skipped="0">
  <testcase classname="Tests.Test_4" name="test_4" time="10.633"/>
  <system-out/>
</testsuite> <!-- Tests.Test_4 -->
