<?xml version="1.0" encoding="UTF-8"?>
<!-- Generated by org.testng.reporters.JUnitReportReporter -->
<testsuite hostname="LAPTOP-NC19AUDK" failures="0" tests="1" name="Tests.Test_5" time="8.103" errors="0" timestamp="2020-10-21T01:53:07 BST" skipped="0">
  <testcase classname="Tests.Test_5" name="test_5" time="8.103"/>
  <system-out/>
</testsuite> <!-- Tests.Test_5 -->
