<?xml version="1.0" encoding="UTF-8"?>
<!-- Generated by org.testng.reporters.JUnitReportReporter -->
<testsuite hostname="LAPTOP-NC19AUDK" failures="0" tests="1" name="Tests.Test_2" time="7.231" errors="0" timestamp="2020-10-21T00:53:00 BST" skipped="0">
  <testcase classname="Tests.Test_2" name="test_2" time="7.231"/>
  <system-out/>
</testsuite> <!-- Tests.Test_2 -->
