<?xml version="1.0" encoding="UTF-8"?>
<!-- Generated by org.testng.reporters.JUnitReportReporter -->
<testsuite hostname="LAPTOP-NC19AUDK" failures="0" tests="1" name="Tests.Test_1" time="19.148" errors="0" timestamp="2020-10-21T02:12:24 BST" skipped="0">
  <testcase classname="Tests.Test_1" name="test_1" time="19.148"/>
  <system-out/>
</testsuite> <!-- Tests.Test_1 -->
